<?xml version="1.0" encoding="UTF-8"?>
<testsuite xmlns:xsi="http://www.w3.org/2001/XMLSchema-instance" xsi:noNamespaceSchemaLocation="https://maven.apache.org/surefire/maven-surefire-plugin/xsd/surefire-test-report.xsd" name="PracticeTests" time="0.363" tests="9" errors="0" skipped="0" failures="0">
  <properties>
[...]
</properties>
  <testcase name="findFlightsLeavingInTheNextThreeHours" classname="PracticeTests" time="0.176"/>
  <testcase name="findFirstFlightArrivalFromTerminal_terminal1" classname="PracticeTests" time="0.009"/>
  <testcase name="findMapCountParkedAircraftByTerminalName" classname="PracticeTests" time="0.026"/>
  <testcase name="findCountAircraftWithModelAirbus{String, long}[1]" classname="PracticeTests" time="0.039"/>
  <testcase name="findCountAircraftWithModelAirbus{String, long}[2]" classname="PracticeTests" time="0.002"/>
  <testcase name="findCountAircraftWithModelAirbus{String, long}[3]" classname="PracticeTests" time="0.002"/>
  <testcase name="findCountAircraftWithModelAirbus{String, long}[4]" classname="PracticeTests" time="0.001"/>
  <testcase name="findFirstFlightArrivalFromTerminal_terminalNotExists" classname="PracticeTests" time="0.002"/>
  <testcase name="findFlightsLeavingInTheNextTwoHours" classname="PracticeTests" time="0.002"/>
</testsuite>