<?xml version="1.0" encoding="UTF-8"?>
<testsuite xmlns:xsi="http://www.w3.org/2001/XMLSchema-instance" xsi:noNamespaceSchemaLocation="https://maven.apache.org/surefire/maven-surefire-plugin/xsd/surefire-test-report-3.0.xsd" version="3.0" name="EmailListTest" time="0.148" tests="5" errors="0" skipped="0" failures="0">
  <properties>
[...]
</properties>
  <testcase name="testAddDuplicateValidEmail" classname="EmailListTest" time="0.088">
    <system-out><![CDATA[hello@skillbox.ru
]]></system-out>
  </testcase>
  <testcase name="testAddNotValidEmailWithoutDomainDot" classname="EmailListTest" time="0.005">
    <system-out><![CDATA[WRONG_EMAIL_ANSWER
]]></system-out>
  </testcase>
  <testcase name="testAddNotValidEmailWithoutAt" classname="EmailListTest" time="0.004">
    <system-out><![CDATA[WRONG_EMAIL_ANSWER
]]></system-out>
  </testcase>
  <testcase name="testSortedEmails" classname="EmailListTest" time="0.003">
    <system-out><![CDATA[asgard@yggdrasil.com
hello@mail.ru
hello@skillbox.ru
]]></system-out>
  </testcase>
  <testcase name="testAddValidEmail" classname="EmailListTest" time="0.003">
    <system-out><![CDATA[hello@skillbox.ru
]]></system-out>
  </testcase>
</testsuite>